{"/Users/m.traore/Desktop/DEV/test-technique-angular/src/app/app.component.html": {"path":"/Users/m.traore/Desktop/DEV/test-technique-angular/src/app/app.component.html","statementMap":{"0":{"start":{"line":1,"column":0},"end":{"line":1,"column":256}}},"fnMap":{},"branchMap":{},"s":{"0":1},"f":{},"b":{},"_coverageSchema":"1a1c01bbd47fc00a2c39e90264f33305004495a9","hash":"d656b0b959ab7b4cd12f045e51b95351bf0ee441"}
,"/Users/m.traore/Desktop/DEV/test-technique-angular/src/app/app.component.ts": {"path":"/Users/m.traore/Desktop/DEV/test-technique-angular/src/app/app.component.ts","statementMap":{"0":{"start":{"line":1,"column":0},"end":{"line":1,"column":42}},"1":{"start":{"line":9,"column":1},"end":{"line":9,"column":23}},"2":{"start":{"line":8,"column":13},"end":{"line":10,"column":null}},"3":{"start":{"line":10,"column":0},"end":{"line":10,"column":null}},"4":{"start":{"line":8,"column":13},"end":{"line":8,"column":25}}},"fnMap":{},"branchMap":{},"s":{"0":1,"1":2,"2":1,"3":1,"4":1},"f":{},"b":{}}
,"/Users/m.traore/Desktop/DEV/test-technique-angular/src/app/about/about-routing.module.ts": {"path":"/Users/m.traore/Desktop/DEV/test-technique-angular/src/app/about/about-routing.module.ts","statementMap":{"0":{"start":{"line":1,"column":0},"end":{"line":1,"column":41}},"1":{"start":{"line":2,"column":0},"end":{"line":2,"column":55}},"2":{"start":{"line":3,"column":0},"end":{"line":3,"column":51}},"3":{"start":{"line":5,"column":23},"end":{"line":10,"column":2}},"4":{"start":{"line":18,"column":13},"end":{"line":19,"column":null}},"5":{"start":{"line":19,"column":0},"end":{"line":19,"column":null}},"6":{"start":{"line":18,"column":13},"end":{"line":18,"column":31}}},"fnMap":{},"branchMap":{},"s":{"0":1,"1":1,"2":1,"3":1,"4":1,"5":1,"6":1},"f":{},"b":{}}
,"/Users/m.traore/Desktop/DEV/test-technique-angular/src/app/about/about.component.html": {"path":"/Users/m.traore/Desktop/DEV/test-technique-angular/src/app/about/about.component.html","statementMap":{"0":{"start":{"line":1,"column":0},"end":{"line":1,"column":2485}}},"fnMap":{},"branchMap":{},"s":{"0":1},"f":{},"b":{},"_coverageSchema":"1a1c01bbd47fc00a2c39e90264f33305004495a9","hash":"184368c13abe168ed4677fe8658cd2a2ca3881c0"}
,"/Users/m.traore/Desktop/DEV/test-technique-angular/src/app/about/about.component.ts": {"path":"/Users/m.traore/Desktop/DEV/test-technique-angular/src/app/about/about.component.ts","statementMap":{"0":{"start":{"line":1,"column":0},"end":{"line":1,"column":50}},"1":{"start":{"line":13,"column":1},"end":{"line":14,"column":null}},"2":{"start":{"line":8,"column":13},"end":{"line":16,"column":null}},"3":{"start":{"line":16,"column":0},"end":{"line":16,"column":null}},"4":{"start":{"line":8,"column":13},"end":{"line":8,"column":27}}},"fnMap":{"0":{"name":"AboutComponent","decl":{"start":{"line":10,"column":1},"end":{"line":10,"column":null}},"loc":{"start":{"line":10,"column":1},"end":{"line":11,"column":2}}},"1":{"name":"(anonymous_3)","decl":{"start":{"line":13,"column":1},"end":{"line":13,"column":9}},"loc":{"start":{"line":13,"column":1},"end":{"line":14,"column":2}}}},"branchMap":{},"s":{"0":1,"1":1,"2":1,"3":1,"4":1},"f":{"0":1,"1":1},"b":{}}
,"/Users/m.traore/Desktop/DEV/test-technique-angular/src/app/person/person.service.ts": {"path":"/Users/m.traore/Desktop/DEV/test-technique-angular/src/app/person/person.service.ts","statementMap":{"0":{"start":{"line":1,"column":0},"end":{"line":1,"column":9}},"1":{"start":{"line":2,"column":0},"end":{"line":2,"column":43}},"2":{"start":{"line":3,"column":0},"end":{"line":3,"column":45}},"3":{"start":{"line":11,"column":22},"end":{"line":11,"column":38}},"4":{"start":{"line":13,"column":2},"end":{"line":26,"column":null}},"5":{"start":{"line":14,"column":17},"end":{"line":22,"column":null}},"6":{"start":{"line":16,"column":8},"end":{"line":21,"column":null}},"7":{"start":{"line":19,"column":14},"end":{"line":19,"column":null}},"8":{"start":{"line":25,"column":4},"end":{"line":25,"column":16}},"9":{"start":{"line":28,"column":2},"end":{"line":30,"column":null}},"10":{"start":{"line":29,"column":4},"end":{"line":29,"column":64}},"11":{"start":{"line":10,"column":13},"end":{"line":31,"column":null}},"12":{"start":{"line":31,"column":0},"end":{"line":31,"column":null}},"13":{"start":{"line":10,"column":13},"end":{"line":10,"column":26}}},"fnMap":{"0":{"name":"PersonService","decl":{"start":{"line":11,"column":2},"end":{"line":11,"column":22}},"loc":{"start":{"line":11,"column":38},"end":{"line":11,"column":42}}},"1":{"name":"(anonymous_3)","decl":{"start":{"line":13,"column":2},"end":{"line":13,"column":12}},"loc":{"start":{"line":13,"column":37},"end":{"line":26,"column":3}}},"2":{"name":"(anonymous_4)","decl":{"start":{"line":15,"column":10},"end":{"line":15,"column":11}},"loc":{"start":{"line":15,"column":18},"end":{"line":16,"column":15}}},"3":{"name":"(anonymous_5)","decl":{"start":{"line":18,"column":12},"end":{"line":18,"column":13}},"loc":{"start":{"line":18,"column":27},"end":{"line":19,"column":20}}},"4":{"name":"(anonymous_6)","decl":{"start":{"line":28,"column":2},"end":{"line":28,"column":15}},"loc":{"start":{"line":28,"column":2},"end":{"line":30,"column":3}}}},"branchMap":{"0":{"loc":{"start":{"line":19,"column":14},"end":{"line":19,"column":78}},"type":"binary-expr","locations":[{"start":{"line":19,"column":14},"end":{"line":19,"column":45}},{"start":{"line":19,"column":49},"end":{"line":19,"column":78}}]}},"s":{"0":2,"1":2,"2":2,"3":7,"4":2,"5":5,"6":5,"7":15,"8":5,"9":2,"10":0,"11":2,"12":2,"13":2},"f":{"0":7,"1":5,"2":5,"3":15,"4":0},"b":{"0":[15,11]}}
,"/Users/m.traore/Desktop/DEV/test-technique-angular/src/app/person/person-generator/person-generator.component.html": {"path":"/Users/m.traore/Desktop/DEV/test-technique-angular/src/app/person/person-generator/person-generator.component.html","statementMap":{"0":{"start":{"line":1,"column":0},"end":{"line":1,"column":859}}},"fnMap":{},"branchMap":{},"s":{"0":2},"f":{},"b":{},"_coverageSchema":"1a1c01bbd47fc00a2c39e90264f33305004495a9","hash":"016550b7ffad01c461b9acb0eac44372fcf661a2"}
,"/Users/m.traore/Desktop/DEV/test-technique-angular/src/app/person/person-generator/person-generator.component.ts": {"path":"/Users/m.traore/Desktop/DEV/test-technique-angular/src/app/person/person-generator/person-generator.component.ts","statementMap":{"0":{"start":{"line":1,"column":0},"end":{"line":1,"column":72}},"1":{"start":{"line":2,"column":0},"end":{"line":2,"column":9}},"2":{"start":{"line":3,"column":0},"end":{"line":3,"column":52}},"3":{"start":{"line":17,"column":22},"end":{"line":17,"column":46}},"4":{"start":{"line":15,"column":10},"end":{"line":15,"column":65}},"5":{"start":{"line":19,"column":2},"end":{"line":25,"column":null}},"6":{"start":{"line":20,"column":4},"end":{"line":24,"column":7}},"7":{"start":{"line":27,"column":2},"end":{"line":33,"column":null}},"8":{"start":{"line":28,"column":36},"end":{"line":28,"column":56}},"9":{"start":{"line":29,"column":19},"end":{"line":29,"column":47}},"10":{"start":{"line":30,"column":17},"end":{"line":30,"column":43}},"11":{"start":{"line":31,"column":4},"end":{"line":32,"column":60}},"12":{"start":{"line":32,"column":6},"end":{"line":32,"column":60}},"13":{"start":{"line":11,"column":13},"end":{"line":34,"column":null}},"14":{"start":{"line":34,"column":0},"end":{"line":34,"column":null}},"15":{"start":{"line":11,"column":13},"end":{"line":11,"column":37}}},"fnMap":{"0":{"name":"PersonGeneratorComponent","decl":{"start":{"line":17,"column":2},"end":{"line":17,"column":22}},"loc":{"start":{"line":17,"column":46},"end":{"line":17,"column":50}}},"1":{"name":"(anonymous_5)","decl":{"start":{"line":19,"column":2},"end":{"line":19,"column":10}},"loc":{"start":{"line":19,"column":2},"end":{"line":25,"column":3}}},"2":{"name":"(anonymous_6)","decl":{"start":{"line":27,"column":2},"end":{"line":27,"column":10}},"loc":{"start":{"line":27,"column":2},"end":{"line":33,"column":3}}}},"branchMap":{"0":{"loc":{"start":{"line":29,"column":19},"end":{"line":29,"column":47}},"type":"cond-expr","locations":[{"start":{"line":29,"column":34},"end":{"line":29,"column":40}},{"start":{"line":29,"column":43},"end":{"line":29,"column":47}}]},"1":{"loc":{"start":{"line":30,"column":17},"end":{"line":30,"column":43}},"type":"cond-expr","locations":[{"start":{"line":30,"column":30},"end":{"line":30,"column":34}},{"start":{"line":30,"column":37},"end":{"line":30,"column":43}}]},"2":{"loc":{"start":{"line":31,"column":4},"end":{"line":32,"column":60}},"type":"if","locations":[{"start":{"line":31,"column":4},"end":{"line":32,"column":60}}]}},"s":{"0":2,"1":2,"2":2,"3":14,"4":14,"5":2,"6":14,"7":2,"8":1,"9":1,"10":1,"11":1,"12":1,"13":2,"14":2,"15":2},"f":{"0":14,"1":14,"2":1},"b":{"0":[1,0],"1":[1,0],"2":[1]}}
,"/Users/m.traore/Desktop/DEV/test-technique-angular/src/app/person/person-list/person-list.component.html": {"path":"/Users/m.traore/Desktop/DEV/test-technique-angular/src/app/person/person-list/person-list.component.html","statementMap":{"0":{"start":{"line":1,"column":0},"end":{"line":1,"column":1353}}},"fnMap":{},"branchMap":{},"s":{"0":1},"f":{},"b":{},"_coverageSchema":"1a1c01bbd47fc00a2c39e90264f33305004495a9","hash":"d5d2a582dd666069582607bc000d0630e84b0969"}
,"/Users/m.traore/Desktop/DEV/test-technique-angular/src/app/person/person-list/person-list.component.ts": {"path":"/Users/m.traore/Desktop/DEV/test-technique-angular/src/app/person/person-list/person-list.component.ts","statementMap":{"0":{"start":{"line":1,"column":0},"end":{"line":1,"column":42}},"1":{"start":{"line":2,"column":0},"end":{"line":2,"column":41}},"2":{"start":{"line":5,"column":0},"end":{"line":5,"column":9}},"3":{"start":{"line":22,"column":22},"end":{"line":22,"column":50}},"4":{"start":{"line":13,"column":2},"end":{"line":19,"column":4}},"5":{"start":{"line":20,"column":2},"end":{"line":20,"column":43}},"6":{"start":{"line":24,"column":2},"end":{"line":26,"column":null}},"7":{"start":{"line":25,"column":4},"end":{"line":25,"column":60}},"8":{"start":{"line":12,"column":13},"end":{"line":27,"column":null}},"9":{"start":{"line":27,"column":0},"end":{"line":27,"column":null}},"10":{"start":{"line":12,"column":13},"end":{"line":12,"column":32}}},"fnMap":{"0":{"name":"PersonListComponent","decl":{"start":{"line":22,"column":2},"end":{"line":22,"column":22}},"loc":{"start":{"line":22,"column":50},"end":{"line":22,"column":54}}},"1":{"name":"(anonymous_3)","decl":{"start":{"line":24,"column":2},"end":{"line":24,"column":10}},"loc":{"start":{"line":24,"column":35},"end":{"line":26,"column":3}}}},"branchMap":{},"s":{"0":1,"1":1,"2":1,"3":2,"4":2,"5":2,"6":1,"7":1,"8":1,"9":1,"10":1},"f":{"0":2,"1":1},"b":{}}
,"/Users/m.traore/Desktop/DEV/test-technique-angular/src/app/share/constant.ts": {"path":"/Users/m.traore/Desktop/DEV/test-technique-angular/src/app/share/constant.ts","statementMap":{"0":{"start":{"line":1,"column":13},"end":{"line":1,"column":27}},"1":{"start":{"line":2,"column":13},"end":{"line":2,"column":31}},"2":{"start":{"line":3,"column":13},"end":{"line":3,"column":31}},"3":{"start":{"line":4,"column":13},"end":{"line":4,"column":33}}},"fnMap":{},"branchMap":{},"s":{"0":4,"1":4,"2":4,"3":4},"f":{},"b":{}}
,"/Users/m.traore/Desktop/DEV/test-technique-angular/src/app/share/pipes/gender.pipe.ts": {"path":"/Users/m.traore/Desktop/DEV/test-technique-angular/src/app/share/pipes/gender.pipe.ts","statementMap":{"0":{"start":{"line":1,"column":0},"end":{"line":1,"column":52}},"1":{"start":{"line":2,"column":0},"end":{"line":2,"column":55}},"2":{"start":{"line":8,"column":2},"end":{"line":10,"column":null}},"3":{"start":{"line":9,"column":4},"end":{"line":9,"column":48}},"4":{"start":{"line":7,"column":13},"end":{"line":11,"column":null}},"5":{"start":{"line":11,"column":0},"end":{"line":11,"column":null}},"6":{"start":{"line":7,"column":13},"end":{"line":7,"column":23}}},"fnMap":{"0":{"name":"(anonymous_3)","decl":{"start":{"line":8,"column":2},"end":{"line":8,"column":11}},"loc":{"start":{"line":8,"column":25},"end":{"line":10,"column":3}}}},"branchMap":{"0":{"loc":{"start":{"line":9,"column":11},"end":{"line":9,"column":47}},"type":"cond-expr","locations":[{"start":{"line":9,"column":28},"end":{"line":9,"column":35}},{"start":{"line":9,"column":38},"end":{"line":9,"column":47}}]}},"s":{"0":1,"1":1,"2":1,"3":2,"4":1,"5":1,"6":1},"f":{"0":2},"b":{"0":[1,1]}}
}
