TN:
SF:src/app/app.component.html
FNF:0
FNH:0
DA:1,1
LF:1
LH:1
BRF:0
BRH:0
end_of_record
TN:
SF:src/app/app.component.ts
FNF:0
FNH:0
DA:1,1
DA:8,1
DA:9,2
DA:10,1
LF:4
LH:4
BRF:0
BRH:0
end_of_record
TN:
SF:src/app/about/about-routing.module.ts
FNF:0
FNH:0
DA:1,1
DA:2,1
DA:3,1
DA:5,1
DA:18,1
DA:19,1
LF:6
LH:6
BRF:0
BRH:0
end_of_record
TN:
SF:src/app/about/about.component.html
FNF:0
FNH:0
DA:1,1
LF:1
LH:1
BRF:0
BRH:0
end_of_record
TN:
SF:src/app/about/about.component.ts
FN:10,AboutComponent
FN:13,(anonymous_3)
FNF:2
FNH:2
FNDA:1,AboutComponent
FNDA:1,(anonymous_3)
DA:1,1
DA:8,1
DA:13,1
DA:16,1
LF:4
LH:4
BRF:0
BRH:0
end_of_record
TN:
SF:src/app/person/person.service.ts
FN:11,PersonService
FN:13,(anonymous_3)
FN:15,(anonymous_4)
FN:18,(anonymous_5)
FN:28,(anonymous_6)
FNF:5
FNH:4
FNDA:7,PersonService
FNDA:5,(anonymous_3)
FNDA:5,(anonymous_4)
FNDA:15,(anonymous_5)
FNDA:0,(anonymous_6)
DA:1,2
DA:2,2
DA:3,2
DA:10,2
DA:11,7
DA:13,2
DA:14,5
DA:16,5
DA:19,15
DA:25,5
DA:28,2
DA:29,0
DA:31,2
LF:13
LH:12
BRDA:19,0,0,15
BRDA:19,0,1,11
BRF:2
BRH:2
end_of_record
TN:
SF:src/app/person/person-generator/person-generator.component.html
FNF:0
FNH:0
DA:1,2
LF:1
LH:1
BRF:0
BRH:0
end_of_record
TN:
SF:src/app/person/person-generator/person-generator.component.ts
FN:17,PersonGeneratorComponent
FN:19,(anonymous_5)
FN:27,(anonymous_6)
FNF:3
FNH:3
FNDA:14,PersonGeneratorComponent
FNDA:14,(anonymous_5)
FNDA:1,(anonymous_6)
DA:1,2
DA:2,2
DA:3,2
DA:11,2
DA:15,14
DA:17,14
DA:19,2
DA:20,14
DA:27,2
DA:28,1
DA:29,1
DA:30,1
DA:31,1
DA:32,1
DA:34,2
LF:15
LH:15
BRDA:29,0,0,1
BRDA:29,0,1,0
BRDA:30,1,0,1
BRDA:30,1,1,0
BRDA:31,2,0,1
BRF:5
BRH:3
end_of_record
TN:
SF:src/app/person/person-list/person-list.component.html
FNF:0
FNH:0
DA:1,1
LF:1
LH:1
BRF:0
BRH:0
end_of_record
TN:
SF:src/app/person/person-list/person-list.component.ts
FN:22,PersonListComponent
FN:24,(anonymous_3)
FNF:2
FNH:2
FNDA:2,PersonListComponent
FNDA:1,(anonymous_3)
DA:1,1
DA:2,1
DA:5,1
DA:12,1
DA:13,2
DA:20,2
DA:22,2
DA:24,1
DA:25,1
DA:27,1
LF:10
LH:10
BRF:0
BRH:0
end_of_record
TN:
SF:src/app/share/constant.ts
FNF:0
FNH:0
DA:1,4
DA:2,4
DA:3,4
DA:4,4
LF:4
LH:4
BRF:0
BRH:0
end_of_record
TN:
SF:src/app/share/pipes/gender.pipe.ts
FN:8,(anonymous_3)
FNF:1
FNH:1
FNDA:2,(anonymous_3)
DA:1,1
DA:2,1
DA:7,1
DA:8,1
DA:9,2
DA:11,1
LF:6
LH:6
BRDA:9,0,0,1
BRDA:9,0,1,1
BRF:2
BRH:2
end_of_record
